<?xml version="1.0" encoding="UTF-8"?>
<!-- Generated by org.testng.reporters.JUnitReportReporter -->
<testsuite skipped="0" hostname="ASDA1573PO02037" name="Demo.NewTest" tests="2" failures="0" timestamp="02 Jul 2019 07:38:56 GMT" time="0.019" errors="0">
  <testcase name="f" time="0.015" classname="Demo.NewTest"/>
  <testcase name="s" time="0.004" classname="Demo.NewTest"/>
</testsuite> <!-- Demo.NewTest -->
